<?xml version="1.0" encoding="UTF-8"?>
<!-- Generated by org.testng.reporters.JUnitXMLReporter -->
<testsuite ignored="0" hostname="LAPTOP-S2UPK277" failures="0" tests="6" name="Default test" time="42.917" errors="0" timestamp="2026-03-15T06:49:03 IST">
  <testcase classname="product_rk.ProductPageTest" name="searchProductTest" time="4.926"/>
  <testcase classname="product_rk.ProductPageTest" name="allProductListTest" time="1.97"/>
  <testcase classname="product_rk.ProductPageTest" name="addTocartTest" time="1.027"/>
  <testcase classname="product_rk.ProductPageTest" name="refreshCartPageTest" time="5.964"/>
  <testcase classname="product_rk.ProductPageTest" name="openBagTest" time="4.173"/>
  <testcase classname="product_rk.ProductPageTest" name="findTotalAmountTest" time="0.088"/>
</testsuite> <!-- Default test -->
