<?xml version="1.0" encoding="UTF-8"?>
<testng-results ignored="0" total="5" passed="5" failed="0" skipped="0">
  <reporter-output>
  </reporter-output>
  <suite started-at="2026-03-14T15:38:05 IST" name="Default suite" finished-at="2026-03-14T15:39:01 IST" duration-ms="56472">
    <groups>
    </groups>
    <test started-at="2026-03-14T15:38:05 IST" name="Default test" finished-at="2026-03-14T15:39:01 IST" duration-ms="56472">
      <class name="product_rk.ProductPageTest">
        <test-method is-config="true" signature="setup()[pri:0, instance:product_rk.ProductPageTest@24313fcc]" started-at="2026-03-14T15:37:41 IST" name="setup" finished-at="2026-03-14T15:38:05 IST" duration-ms="24224" status="PASS">
          <reporter-output>
          </reporter-output>
        </test-method> <!-- setup -->
        <test-method is-config="true" signature="initPage()[pri:0, instance:product_rk.ProductPageTest@24313fcc]" started-at="2026-03-14T15:38:06 IST" name="initPage" finished-at="2026-03-14T15:38:06 IST" duration-ms="48" status="PASS">
          <reporter-output>
          </reporter-output>
        </test-method> <!-- initPage -->
        <test-method signature="searchProductTest()[pri:1, instance:product_rk.ProductPageTest@24313fcc]" started-at="2026-03-14T15:38:06 IST" name="searchProductTest" finished-at="2026-03-14T15:38:15 IST" duration-ms="9045" status="PASS">
          <reporter-output>
          </reporter-output>
        </test-method> <!-- searchProductTest -->
        <test-method signature="allProductListTest()[pri:2, instance:product_rk.ProductPageTest@24313fcc]" started-at="2026-03-14T15:38:15 IST" name="allProductListTest" finished-at="2026-03-14T15:38:16 IST" duration-ms="716" status="PASS">
          <reporter-output>
          </reporter-output>
        </test-method> <!-- allProductListTest -->
        <test-method signature="addTocartTest()[pri:3, instance:product_rk.ProductPageTest@24313fcc]" started-at="2026-03-14T15:38:31 IST" name="addTocartTest" finished-at="2026-03-14T15:38:33 IST" duration-ms="1435" status="PASS">
          <reporter-output>
          </reporter-output>
        </test-method> <!-- addTocartTest -->
        <test-method signature="refreshCartPageTest()[pri:4, instance:product_rk.ProductPageTest@24313fcc]" started-at="2026-03-14T15:38:33 IST" name="refreshCartPageTest" finished-at="2026-03-14T15:38:43 IST" duration-ms="9668" status="PASS">
          <reporter-output>
          </reporter-output>
        </test-method> <!-- refreshCartPageTest -->
        <test-method signature="openBagTest()[pri:5, instance:product_rk.ProductPageTest@24313fcc]" started-at="2026-03-14T15:38:44 IST" name="openBagTest" finished-at="2026-03-14T15:39:01 IST" duration-ms="17402" status="PASS">
          <reporter-output>
          </reporter-output>
        </test-method> <!-- openBagTest -->
        <test-method is-config="true" signature="tearDown()[pri:0, instance:product_rk.ProductPageTest@24313fcc]" started-at="2026-03-14T15:39:03 IST" name="tearDown" finished-at="2026-03-14T15:39:04 IST" duration-ms="980" status="PASS">
          <reporter-output>
          </reporter-output>
        </test-method> <!-- tearDown -->
      </class> <!-- product_rk.ProductPageTest -->
    </test> <!-- Default test -->
  </suite> <!-- Default suite -->
</testng-results>
