<?xml version="1.0" encoding="UTF-8"?>
<!-- Generated by org.testng.reporters.JUnitReportReporter -->
<testsuite hostname="LAPTOP-S2UPK277" failures="0" tests="3" name="carts_rk.LoginPageTest" time="8.575" errors="0" timestamp="2026-03-14T14:12:41 IST" skipped="0">
  <testcase classname="carts_rk.LoginPageTest" name="clickProfileIconTest" time="0.395"/>
  <testcase classname="carts_rk.LoginPageTest" name="clickLoginButtonTest" time="6.076"/>
  <testcase classname="carts_rk.LoginPageTest" name="fillLoginDetailsTest" time="2.104"/>
</testsuite> <!-- carts_rk.LoginPageTest -->
