<?xml version="1.0" encoding="UTF-8"?>
<!-- Generated by org.testng.reporters.JUnitReportReporter -->
<testsuite hostname="LAPTOP-S2UPK277" failures="0" tests="5" name="product_rk.ProductPageTest" time="38.266" errors="0" timestamp="2026-03-14T15:39:04 IST" skipped="0">
  <testcase classname="product_rk.ProductPageTest" name="searchProductTest" time="9.045"/>
  <testcase classname="product_rk.ProductPageTest" name="allProductListTest" time="0.716"/>
  <testcase classname="product_rk.ProductPageTest" name="addTocartTest" time="1.435"/>
  <testcase classname="product_rk.ProductPageTest" name="refreshCartPageTest" time="9.668"/>
  <testcase classname="product_rk.ProductPageTest" name="openBagTest" time="17.402"/>
</testsuite> <!-- product_rk.ProductPageTest -->
